Arguments: 
  C:\Program Files\nodejs\node.exe C:\Users\MJ\AppData\Roaming\npm\node_modules\yarn\bin\yarn.js add next react react-dom

PATH: 
  C:\Program Files (x86)\Python37-32\Scripts\;C:\Program Files (x86)\Python37-32\;C:\WINDOWS\system32;C:\WINDOWS;C:\WINDOWS\System32\Wbem;C:\WINDOWS\System32\WindowsPowerShell\v1.0\;C:\Program Files (x86)\ATI Technologies\ATI.ACE\Core-Static;C:\Program Files\Git\cmd;C:\Program Files\Microsoft\Web Platform Installer\;C:\Program Files (x86)\Microsoft ASP.NET\ASP.NET Web Pages\v1.0\;C:\Program Files (x86)\Windows Kits\8.0\Windows Performance Toolkit\;C:\Program Files\Microsoft SQL Server\110\Tools\Binn\;C:\Program Files\nodejs\;C:\WINDOWS\System32\OpenSSH\;C:\Users\MJ\AppData\Local\Programs\Microsoft VS Code\bin;C:\Program Files\CMake\bin;C:\Users\MJ\AppData\Roaming\npm;%USERPROFILE%\AppData\Local\Microsoft\WindowsApps;C:\Program Files (x86)\EaseUS\Todo Backup\bin\x64\

Yarn version: 
  1.22.10

Node version: 
  12.18.3

Platform: 
  win32 x64

Trace: 
  Error: https://registry.yarnpkg.com/postcss-safe-parser/-/postcss-safe-parser-4.0.2.tgz: Request failed "502 Bad Gateway"
      at ResponseError.ExtendableBuiltin (C:\Users\MJ\AppData\Roaming\npm\node_modules\yarn\lib\cli.js:696:66)
      at new ResponseError (C:\Users\MJ\AppData\Roaming\npm\node_modules\yarn\lib\cli.js:802:124)
      at Request.<anonymous> (C:\Users\MJ\AppData\Roaming\npm\node_modules\yarn\lib\cli.js:67058:16)
      at Request.emit (events.js:315:20)
      at Request.module.exports.Request.onRequestResponse (C:\Users\MJ\AppData\Roaming\npm\node_modules\yarn\lib\cli.js:141539:10)
      at ClientRequest.emit (events.js:315:20)
      at HTTPParser.parserOnIncomingClient [as onIncoming] (_http_client.js:596:27)
      at HTTPParser.parserOnHeadersComplete (_http_common.js:119:17)
      at TLSSocket.socketOnData (_http_client.js:469:22)
      at TLSSocket.emit (events.js:315:20)

npm manifest: 
  {
    "name": "next-portfolio",
    "version": "1.0.0",
    "main": "index.js",
    "license": "MIT"
  }

yarn manifest: 
  No manifest

Lockfile: 
  No lockfile
